2025-07-29 19:09:24,787 INFO: PoseNet ViViT Training started
2025-07-29 19:09:24,787 INFO: No GPU available, using CPU
2025-07-29 19:09:24,788 INFO: Creating checkpoints directory: posenet_checkpoints_20250729_1909
2025-07-29 19:09:24,788 INFO: Loading video clips data (10-second clips)...
2025-07-29 19:09:24,788 INFO: Action classes: ['stand', 'walk', 'run', 'jump', 'sit', 'squat', 'kick', 'punch', 'wave']
2025-07-29 19:09:24,790 INFO: Found 75 video files
2025-07-29 19:09:24,791 INFO:   stand: 11 videos
2025-07-29 19:09:24,792 INFO:   walk: 8 videos
2025-07-29 19:09:24,792 INFO:   run: 7 videos
2025-07-29 19:09:24,793 INFO:   jump: 7 videos
2025-07-29 19:09:24,794 INFO:   sit: 14 videos
2025-07-29 19:09:24,794 INFO:   squat: 6 videos
2025-07-29 19:09:24,795 INFO:   kick: 7 videos
2025-07-29 19:09:24,795 INFO:   punch: 6 videos
2025-07-29 19:09:24,795 INFO:   wave: 9 videos
2025-07-29 19:09:24,795 INFO: Total samples: 75, Min samples per class: 6
2025-07-29 19:09:24,796 INFO: Using standard train/val/test split with stratification.
2025-07-29 19:09:24,803 INFO: Final split - Training: 52, Validation: 11, Test: 12
2025-07-29 19:09:24,803 INFO: Training distribution:
2025-07-29 19:09:24,804 INFO:   stand: 8 videos
2025-07-29 19:09:24,804 INFO:   walk: 5 videos
2025-07-29 19:09:24,804 INFO:   run: 5 videos
2025-07-29 19:09:24,804 INFO:   jump: 5 videos
2025-07-29 19:09:24,805 INFO:   sit: 10 videos
2025-07-29 19:09:24,805 INFO:   squat: 4 videos
2025-07-29 19:09:24,805 INFO:   kick: 5 videos
2025-07-29 19:09:24,805 INFO:   punch: 4 videos
2025-07-29 19:09:24,805 INFO:   wave: 6 videos
2025-07-29 19:09:24,806 INFO: Validation distribution:
2025-07-29 19:09:24,806 INFO:   stand: 1 videos
2025-07-29 19:09:24,806 INFO:   walk: 2 videos
2025-07-29 19:09:24,807 INFO:   run: 1 videos
2025-07-29 19:09:24,807 INFO:   jump: 1 videos
2025-07-29 19:09:24,807 INFO:   sit: 2 videos
2025-07-29 19:09:24,807 INFO:   squat: 1 videos
2025-07-29 19:09:24,807 INFO:   kick: 1 videos
2025-07-29 19:09:24,807 INFO:   punch: 1 videos
2025-07-29 19:09:24,807 INFO:   wave: 1 videos
2025-07-29 19:09:24,808 INFO: Test distribution:
2025-07-29 19:09:24,808 INFO:   stand: 2 videos
2025-07-29 19:09:24,808 INFO:   walk: 1 videos
2025-07-29 19:09:24,808 INFO:   run: 1 videos
2025-07-29 19:09:24,809 INFO:   jump: 1 videos
2025-07-29 19:09:24,809 INFO:   sit: 2 videos
2025-07-29 19:09:24,810 INFO:   squat: 1 videos
2025-07-29 19:09:24,810 INFO:   kick: 1 videos
2025-07-29 19:09:24,810 INFO:   punch: 1 videos
2025-07-29 19:09:24,810 INFO:   wave: 2 videos
2025-07-29 19:09:24,810 INFO: Creating datasets...
2025-07-29 19:09:24,810 INFO: Training samples: 52
2025-07-29 19:09:24,811 INFO: Validation samples: 11
2025-07-29 19:09:24,811 INFO: Test samples: 12
2025-07-29 19:09:24,812 INFO: Initializing model...
2025-07-29 19:09:24,866 INFO: No checkpoint found, starting training from scratch.
2025-07-29 19:09:24,866 INFO: Starting training on video clips...
2025-07-29 19:09:36,961 INFO: PoseNet ViViT Training started
2025-07-29 19:09:36,998 INFO: PoseNet ViViT Training started
2025-07-29 19:09:37,115 INFO: PoseNet ViViT Training started
2025-07-29 19:09:37,233 INFO: PoseNet ViViT Training started
2025-07-29 19:09:37,692 INFO: PoseNet ViViT Training started
2025-07-29 19:09:37,939 INFO: PoseNet ViViT Training started
2025-07-29 19:09:38,222 INFO: PoseNet ViViT Training started
2025-07-29 19:09:38,518 INFO: PoseNet ViViT Training started
2025-07-29 19:10:01,601 INFO: Epoch 1 completed in 33.50s (avg batch: 2.5113s) - Train Loss: 2.4073, Train Acc: 0.1346, Train Prec (macro): 0.0432, Train Rec (macro): 0.0972, Train F1 (macro): 0.0566
2025-07-29 19:10:01,618 INFO: Current learning rate: 0.0000976
2025-07-29 19:10:19,129 INFO: Validation - Loss: 2.2205, Acc: 0.1818, Prec (macro): 0.0202, Rec (macro): 0.1111, F1 (macro): 0.0342
2025-07-29 19:10:19,251 INFO: Saved checkpoint: posenet_checkpoints_20250729_1909\checkpoint_epoch_1.pth
2025-07-29 19:10:19,322 INFO: New best model saved at: posenet_checkpoints_20250729_1909\best_checkpoint.pth
2025-07-29 19:10:19,322 INFO: Epoch 1 completed in 54.45 seconds
2025-07-29 19:10:41,950 INFO: Epoch 2 completed in 22.00s (avg batch: 2.5540s) - Train Loss: 2.1926, Train Acc: 0.1538, Train Prec (macro): 0.0340, Train Rec (macro): 0.0972, Train F1 (macro): 0.0503
2025-07-29 19:10:41,961 INFO: Current learning rate: 0.0000905
2025-07-29 19:10:44,421 INFO: Validation - Loss: 2.2497, Acc: 0.0909, Prec (macro): 0.0101, Rec (macro): 0.1111, F1 (macro): 0.0185
2025-07-29 19:10:44,522 INFO: Saved checkpoint: posenet_checkpoints_20250729_1909\checkpoint_epoch_2.pth
2025-07-29 19:10:44,523 INFO: No improvement for 1 epoch(s).
2025-07-29 19:10:44,523 INFO: Epoch 2 completed in 25.20 seconds
2025-07-29 19:10:59,574 INFO: Epoch 3 completed in 14.50s (avg batch: 1.7466s) - Train Loss: 2.1844, Train Acc: 0.1923, Train Prec (macro): 0.0425, Train Rec (macro): 0.1222, Train F1 (macro): 0.0630
2025-07-29 19:10:59,584 INFO: Current learning rate: 0.0000796
2025-07-29 19:11:01,784 INFO: Validation - Loss: 2.2028, Acc: 0.1818, Prec (macro): 0.0202, Rec (macro): 0.1111, F1 (macro): 0.0342
2025-07-29 19:11:01,876 INFO: Saved checkpoint: posenet_checkpoints_20250729_1909\checkpoint_epoch_3.pth
2025-07-29 19:11:03,056 INFO: New best model saved at: posenet_checkpoints_20250729_1909\best_checkpoint.pth
2025-07-29 19:11:03,057 INFO: Epoch 3 completed in 18.53 seconds
2025-07-29 19:11:17,960 INFO: Epoch 4 completed in 14.44s (avg batch: 1.7603s) - Train Loss: 2.1639, Train Acc: 0.1923, Train Prec (macro): 0.0214, Train Rec (macro): 0.1111, Train F1 (macro): 0.0358
2025-07-29 19:11:17,969 INFO: Current learning rate: 0.0000658
2025-07-29 19:11:20,029 INFO: Validation - Loss: 2.1944, Acc: 0.1818, Prec (macro): 0.0202, Rec (macro): 0.1111, F1 (macro): 0.0342
2025-07-29 19:11:20,107 INFO: Saved checkpoint: posenet_checkpoints_20250729_1909\checkpoint_epoch_4.pth
2025-07-29 19:11:20,193 INFO: New best model saved at: posenet_checkpoints_20250729_1909\best_checkpoint.pth
2025-07-29 19:11:20,194 INFO: Epoch 4 completed in 17.14 seconds
2025-07-29 19:11:34,899 INFO: Epoch 5 completed in 14.27s (avg batch: 1.7571s) - Train Loss: 2.1474, Train Acc: 0.1923, Train Prec (macro): 0.0214, Train Rec (macro): 0.1111, Train F1 (macro): 0.0358
2025-07-29 19:11:34,905 INFO: Current learning rate: 0.0000505
2025-07-29 19:11:36,753 INFO: Validation - Loss: 2.1695, Acc: 0.1818, Prec (macro): 0.0202, Rec (macro): 0.1111, F1 (macro): 0.0342
2025-07-29 19:11:36,824 INFO: Saved checkpoint: posenet_checkpoints_20250729_1909\checkpoint_epoch_5.pth
2025-07-29 19:11:36,897 INFO: New best model saved at: posenet_checkpoints_20250729_1909\best_checkpoint.pth
2025-07-29 19:11:36,898 INFO: Epoch 5 completed in 16.70 seconds
2025-07-29 19:11:50,665 INFO: Epoch 6 completed in 13.33s (avg batch: 1.7496s) - Train Loss: 2.1346, Train Acc: 0.1923, Train Prec (macro): 0.0214, Train Rec (macro): 0.1111, Train F1 (macro): 0.0358
2025-07-29 19:11:50,674 INFO: Current learning rate: 0.0000352
2025-07-29 19:11:52,592 INFO: Validation - Loss: 2.1635, Acc: 0.1818, Prec (macro): 0.0202, Rec (macro): 0.1111, F1 (macro): 0.0342
2025-07-29 19:11:52,668 INFO: Saved checkpoint: posenet_checkpoints_20250729_1909\checkpoint_epoch_6.pth
2025-07-29 19:11:52,736 INFO: New best model saved at: posenet_checkpoints_20250729_1909\best_checkpoint.pth
2025-07-29 19:11:52,737 INFO: Epoch 6 completed in 15.84 seconds
2025-07-29 19:12:07,066 INFO: Epoch 7 completed in 13.91s (avg batch: 1.7484s) - Train Loss: 2.1283, Train Acc: 0.1923, Train Prec (macro): 0.0214, Train Rec (macro): 0.1111, Train F1 (macro): 0.0358
2025-07-29 19:12:07,079 INFO: Current learning rate: 0.0000214
2025-07-29 19:12:08,875 INFO: Validation - Loss: 2.1701, Acc: 0.1818, Prec (macro): 0.0202, Rec (macro): 0.1111, F1 (macro): 0.0342
2025-07-29 19:12:08,942 INFO: Saved checkpoint: posenet_checkpoints_20250729_1909\checkpoint_epoch_7.pth
2025-07-29 19:12:08,942 INFO: No improvement for 1 epoch(s).
2025-07-29 19:12:08,942 INFO: Epoch 7 completed in 16.21 seconds
2025-07-29 19:12:22,314 INFO: Epoch 8 completed in 12.93s (avg batch: 1.6798s) - Train Loss: 2.1246, Train Acc: 0.1923, Train Prec (macro): 0.0424, Train Rec (macro): 0.1222, Train F1 (macro): 0.0630
2025-07-29 19:12:22,321 INFO: Current learning rate: 0.0000105
2025-07-29 19:12:24,129 INFO: Validation - Loss: 2.1778, Acc: 0.1818, Prec (macro): 0.0509, Rec (macro): 0.1667, F1 (macro): 0.0691
2025-07-29 19:12:24,204 INFO: Saved checkpoint: posenet_checkpoints_20250729_1909\checkpoint_epoch_8.pth
2025-07-29 19:12:24,204 INFO: No improvement for 2 epoch(s).
2025-07-29 19:12:24,205 INFO: Epoch 8 completed in 15.26 seconds
2025-07-29 19:12:44,890 INFO: Epoch 9 completed in 19.78s (avg batch: 2.7117s) - Train Loss: 2.1149, Train Acc: 0.3077, Train Prec (macro): 0.0726, Train Rec (macro): 0.1972, Train F1 (macro): 0.1053
2025-07-29 19:12:44,901 INFO: Current learning rate: 0.0000034
2025-07-29 19:12:46,829 INFO: Validation - Loss: 2.1689, Acc: 0.1818, Prec (macro): 0.0202, Rec (macro): 0.1111, F1 (macro): 0.0342
2025-07-29 19:12:46,900 INFO: Saved checkpoint: posenet_checkpoints_20250729_1909\checkpoint_epoch_9.pth
2025-07-29 19:12:46,901 INFO: No improvement for 3 epoch(s).
2025-07-29 19:12:46,901 INFO: Epoch 9 completed in 22.70 seconds
2025-07-29 19:13:00,199 INFO: Epoch 10 completed in 12.86s (avg batch: 1.7247s) - Train Loss: 2.1099, Train Acc: 0.1731, Train Prec (macro): 0.0196, Train Rec (macro): 0.1000, Train F1 (macro): 0.0328
2025-07-29 19:13:00,206 INFO: Current learning rate: 0.0000010
2025-07-29 19:13:02,474 INFO: Validation - Loss: 2.1670, Acc: 0.1818, Prec (macro): 0.0202, Rec (macro): 0.1111, F1 (macro): 0.0342
2025-07-29 19:13:02,556 INFO: Saved checkpoint: posenet_checkpoints_20250729_1909\checkpoint_epoch_10.pth
2025-07-29 19:13:02,556 INFO: No improvement for 4 epoch(s).
2025-07-29 19:13:02,556 INFO: Epoch 10 completed in 15.66 seconds
2025-07-29 19:13:15,293 INFO: Epoch 11 completed in 12.31s (avg batch: 1.6838s) - Train Loss: 2.1075, Train Acc: 0.1923, Train Prec (macro): 0.0214, Train Rec (macro): 0.1111, Train F1 (macro): 0.0358
2025-07-29 19:13:15,300 INFO: Current learning rate: 0.0000034
2025-07-29 19:13:17,091 INFO: Validation - Loss: 2.1668, Acc: 0.1818, Prec (macro): 0.0202, Rec (macro): 0.1111, F1 (macro): 0.0342
2025-07-29 19:13:17,164 INFO: Saved checkpoint: posenet_checkpoints_20250729_1909\checkpoint_epoch_11.pth
2025-07-29 19:13:17,164 INFO: No improvement for 5 epoch(s).
2025-07-29 19:13:17,164 INFO: Epoch 11 completed in 14.61 seconds
2025-07-29 19:13:30,916 INFO: Epoch 12 completed in 13.32s (avg batch: 1.7261s) - Train Loss: 2.1082, Train Acc: 0.1923, Train Prec (macro): 0.0214, Train Rec (macro): 0.1111, Train F1 (macro): 0.0358
2025-07-29 19:13:30,926 INFO: Current learning rate: 0.0000105
2025-07-29 19:13:32,742 INFO: Validation - Loss: 2.1657, Acc: 0.1818, Prec (macro): 0.0202, Rec (macro): 0.1111, F1 (macro): 0.0342
2025-07-29 19:13:32,824 INFO: Saved checkpoint: posenet_checkpoints_20250729_1909\checkpoint_epoch_12.pth
2025-07-29 19:13:32,825 INFO: No improvement for 6 epoch(s).
2025-07-29 19:13:32,825 INFO: Epoch 12 completed in 15.66 seconds
2025-07-29 19:13:45,387 INFO: Epoch 13 completed in 12.10s (avg batch: 1.6950s) - Train Loss: 2.1115, Train Acc: 0.1923, Train Prec (macro): 0.0214, Train Rec (macro): 0.1111, Train F1 (macro): 0.0358
2025-07-29 19:13:45,397 INFO: Current learning rate: 0.0000214
2025-07-29 19:13:47,351 INFO: Validation - Loss: 2.1623, Acc: 0.1818, Prec (macro): 0.0202, Rec (macro): 0.1111, F1 (macro): 0.0342
2025-07-29 19:13:47,437 INFO: Saved checkpoint: posenet_checkpoints_20250729_1909\checkpoint_epoch_13.pth
2025-07-29 19:13:47,520 INFO: New best model saved at: posenet_checkpoints_20250729_1909\best_checkpoint.pth
2025-07-29 19:13:47,521 INFO: Epoch 13 completed in 14.70 seconds
2025-07-29 19:14:01,260 INFO: Epoch 14 completed in 13.20s (avg batch: 1.8100s) - Train Loss: 2.1063, Train Acc: 0.1923, Train Prec (macro): 0.0214, Train Rec (macro): 0.1111, Train F1 (macro): 0.0358
2025-07-29 19:14:01,272 INFO: Current learning rate: 0.0000352
2025-07-29 19:14:03,192 INFO: Validation - Loss: 2.1546, Acc: 0.1818, Prec (macro): 0.0202, Rec (macro): 0.1111, F1 (macro): 0.0342
2025-07-29 19:14:03,272 INFO: Saved checkpoint: posenet_checkpoints_20250729_1909\checkpoint_epoch_14.pth
2025-07-29 19:14:03,342 INFO: New best model saved at: posenet_checkpoints_20250729_1909\best_checkpoint.pth
2025-07-29 19:14:03,343 INFO: Epoch 14 completed in 15.82 seconds
2025-07-29 19:14:16,806 INFO: Epoch 15 completed in 12.87s (avg batch: 1.8043s) - Train Loss: 2.1032, Train Acc: 0.1923, Train Prec (macro): 0.0214, Train Rec (macro): 0.1111, Train F1 (macro): 0.0358
2025-07-29 19:14:16,815 INFO: Current learning rate: 0.0000505
2025-07-29 19:14:18,942 INFO: Validation - Loss: 2.1376, Acc: 0.1818, Prec (macro): 0.0202, Rec (macro): 0.1111, F1 (macro): 0.0342
2025-07-29 19:14:19,044 INFO: Saved checkpoint: posenet_checkpoints_20250729_1909\checkpoint_epoch_15.pth
2025-07-29 19:14:19,123 INFO: New best model saved at: posenet_checkpoints_20250729_1909\best_checkpoint.pth
2025-07-29 19:14:19,125 INFO: Epoch 15 completed in 15.78 seconds
2025-07-29 19:14:42,577 INFO: Epoch 16 completed in 23.03s (avg batch: 3.1867s) - Train Loss: 2.1172, Train Acc: 0.1346, Train Prec (macro): 0.0286, Train Rec (macro): 0.0833, Train F1 (macro): 0.0426
2025-07-29 19:14:42,585 INFO: Current learning rate: 0.0000658
2025-07-29 19:14:44,630 INFO: Validation - Loss: 2.1433, Acc: 0.0909, Prec (macro): 0.0101, Rec (macro): 0.1111, F1 (macro): 0.0185
2025-07-29 19:14:44,699 INFO: Saved checkpoint: posenet_checkpoints_20250729_1909\checkpoint_epoch_16.pth
2025-07-29 19:14:44,700 INFO: No improvement for 1 epoch(s).
2025-07-29 19:14:44,700 INFO: Epoch 16 completed in 25.57 seconds
2025-07-29 19:14:57,460 INFO: Epoch 17 completed in 12.30s (avg batch: 1.7252s) - Train Loss: 2.0761, Train Acc: 0.2500, Train Prec (macro): 0.0620, Train Rec (macro): 0.1556, Train F1 (macro): 0.0844
2025-07-29 19:14:57,470 INFO: Current learning rate: 0.0000796
2025-07-29 19:14:59,598 INFO: Validation - Loss: 2.1090, Acc: 0.1818, Prec (macro): 0.0202, Rec (macro): 0.1111, F1 (macro): 0.0342
2025-07-29 19:14:59,670 INFO: Saved checkpoint: posenet_checkpoints_20250729_1909\checkpoint_epoch_17.pth
2025-07-29 19:14:59,758 INFO: New best model saved at: posenet_checkpoints_20250729_1909\best_checkpoint.pth
2025-07-29 19:14:59,758 INFO: Epoch 17 completed in 15.06 seconds
2025-07-29 19:15:12,296 INFO: Epoch 18 completed in 12.01s (avg batch: 1.6826s) - Train Loss: 2.0806, Train Acc: 0.1923, Train Prec (macro): 0.0218, Train Rec (macro): 0.1111, Train F1 (macro): 0.0364
2025-07-29 19:15:12,306 INFO: Current learning rate: 0.0000905
2025-07-29 19:15:14,546 INFO: Validation - Loss: 2.1316, Acc: 0.1818, Prec (macro): 0.0222, Rec (macro): 0.1111, F1 (macro): 0.0370
2025-07-29 19:15:14,632 INFO: Saved checkpoint: posenet_checkpoints_20250729_1909\checkpoint_epoch_18.pth
2025-07-29 19:15:14,632 INFO: No improvement for 1 epoch(s).
2025-07-29 19:15:14,632 INFO: Epoch 18 completed in 14.87 seconds
2025-07-29 19:15:28,161 INFO: Epoch 19 completed in 13.06s (avg batch: 1.7930s) - Train Loss: 2.0271, Train Acc: 0.2308, Train Prec (macro): 0.1162, Train Rec (macro): 0.1435, Train F1 (macro): 0.0859
2025-07-29 19:15:28,171 INFO: Current learning rate: 0.0000976
2025-07-29 19:15:30,043 INFO: Validation - Loss: 2.0095, Acc: 0.1818, Prec (macro): 0.0778, Rec (macro): 0.1667, F1 (macro): 0.1058
2025-07-29 19:15:30,119 INFO: Saved checkpoint: posenet_checkpoints_20250729_1909\checkpoint_epoch_19.pth
2025-07-29 19:15:30,193 INFO: New best model saved at: posenet_checkpoints_20250729_1909\best_checkpoint.pth
2025-07-29 19:15:30,194 INFO: Epoch 19 completed in 15.56 seconds
2025-07-29 19:15:43,539 INFO: Epoch 20 completed in 12.74s (avg batch: 1.7863s) - Train Loss: 1.9777, Train Acc: 0.2115, Train Prec (macro): 0.1229, Train Rec (macro): 0.1611, Train F1 (macro): 0.1176
2025-07-29 19:15:43,549 INFO: Current learning rate: 0.0001000
2025-07-29 19:15:45,654 INFO: Validation - Loss: 1.8662, Acc: 0.2727, Prec (macro): 0.0873, Rec (macro): 0.1667, F1 (macro): 0.1049
2025-07-29 19:15:45,730 INFO: Saved checkpoint: posenet_checkpoints_20250729_1909\checkpoint_epoch_20.pth
2025-07-29 19:15:45,807 INFO: New best model saved at: posenet_checkpoints_20250729_1909\best_checkpoint.pth
2025-07-29 19:15:45,808 INFO: Epoch 20 completed in 15.61 seconds
2025-07-29 19:15:58,406 INFO: Epoch 21 completed in 12.15s (avg batch: 1.7079s) - Train Loss: 1.8555, Train Acc: 0.3462, Train Prec (macro): 0.1812, Train Rec (macro): 0.3037, Train F1 (macro): 0.2130
2025-07-29 19:15:58,415 INFO: Current learning rate: 0.0000976
2025-07-29 19:16:00,321 INFO: Validation - Loss: 1.6341, Acc: 0.4545, Prec (macro): 0.1889, Rec (macro): 0.3333, F1 (macro): 0.2222
2025-07-29 19:16:00,391 INFO: Saved checkpoint: posenet_checkpoints_20250729_1909\checkpoint_epoch_21.pth
2025-07-29 19:16:00,495 INFO: New best model saved at: posenet_checkpoints_20250729_1909\best_checkpoint.pth
2025-07-29 19:16:00,496 INFO: Epoch 21 completed in 14.69 seconds
2025-07-29 19:16:12,936 INFO: Epoch 22 completed in 12.00s (avg batch: 1.6734s) - Train Loss: 1.8512, Train Acc: 0.2500, Train Prec (macro): 0.1172, Train Rec (macro): 0.2222, Train F1 (macro): 0.1452
2025-07-29 19:16:12,944 INFO: Current learning rate: 0.0000905
2025-07-29 19:16:14,794 INFO: Validation - Loss: 1.7962, Acc: 0.1818, Prec (macro): 0.0444, Rec (macro): 0.1667, F1 (macro): 0.0688
2025-07-29 19:16:14,860 INFO: Saved checkpoint: posenet_checkpoints_20250729_1909\checkpoint_epoch_22.pth
2025-07-29 19:16:14,861 INFO: No improvement for 1 epoch(s).
2025-07-29 19:16:14,861 INFO: Epoch 22 completed in 14.37 seconds
2025-07-29 19:16:27,970 INFO: Epoch 23 completed in 12.64s (avg batch: 1.7589s) - Train Loss: 1.6157, Train Acc: 0.3462, Train Prec (macro): 0.2448, Train Rec (macro): 0.2583, Train F1 (macro): 0.1716
2025-07-29 19:16:27,978 INFO: Current learning rate: 0.0000796
2025-07-29 19:16:31,662 INFO: Validation - Loss: 1.6779, Acc: 0.2727, Prec (macro): 0.0963, Rec (macro): 0.2778, F1 (macro): 0.1370
2025-07-29 19:16:31,808 INFO: Saved checkpoint: posenet_checkpoints_20250729_1909\checkpoint_epoch_23.pth
2025-07-29 19:16:31,809 INFO: No improvement for 2 epoch(s).
2025-07-29 19:16:31,810 INFO: Epoch 23 completed in 16.95 seconds
2025-07-29 19:17:07,923 INFO: Epoch 24 completed in 35.08s (avg batch: 4.9117s) - Train Loss: 1.5979, Train Acc: 0.4231, Train Prec (macro): 0.2566, Train Rec (macro): 0.3833, Train F1 (macro): 0.2777
2025-07-29 19:17:07,936 INFO: Current learning rate: 0.0000658
2025-07-29 19:17:09,803 INFO: Validation - Loss: 1.4891, Acc: 0.2727, Prec (macro): 0.1889, Rec (macro): 0.2778, F1 (macro): 0.1852
2025-07-29 19:17:09,879 INFO: Saved checkpoint: posenet_checkpoints_20250729_1909\checkpoint_epoch_24.pth
2025-07-29 19:17:10,280 INFO: New best model saved at: posenet_checkpoints_20250729_1909\best_checkpoint.pth
2025-07-29 19:17:10,280 INFO: Epoch 24 completed in 38.47 seconds
2025-07-29 19:17:23,144 INFO: Epoch 25 completed in 12.40s (avg batch: 1.7377s) - Train Loss: 1.5488, Train Acc: 0.3654, Train Prec (macro): 0.3041, Train Rec (macro): 0.3370, Train F1 (macro): 0.3057
2025-07-29 19:17:23,157 INFO: Current learning rate: 0.0000505
2025-07-29 19:17:25,122 INFO: Validation - Loss: 1.4245, Acc: 0.3636, Prec (macro): 0.1759, Rec (macro): 0.3889, F1 (macro): 0.2296
2025-07-29 19:17:25,188 INFO: Saved checkpoint: posenet_checkpoints_20250729_1909\checkpoint_epoch_25.pth
2025-07-29 19:17:25,272 INFO: New best model saved at: posenet_checkpoints_20250729_1909\best_checkpoint.pth
2025-07-29 19:17:25,273 INFO: Epoch 25 completed in 14.99 seconds
2025-07-29 19:17:37,930 INFO: Epoch 26 completed in 12.18s (avg batch: 1.6879s) - Train Loss: 1.4535, Train Acc: 0.3846, Train Prec (macro): 0.2294, Train Rec (macro): 0.3722, Train F1 (macro): 0.2721
2025-07-29 19:17:37,939 INFO: Current learning rate: 0.0000352
2025-07-29 19:17:39,833 INFO: Validation - Loss: 1.4253, Acc: 0.2727, Prec (macro): 0.1204, Rec (macro): 0.2778, F1 (macro): 0.1667
2025-07-29 19:17:39,900 INFO: Saved checkpoint: posenet_checkpoints_20250729_1909\checkpoint_epoch_26.pth
2025-07-29 19:17:39,901 INFO: No improvement for 1 epoch(s).
2025-07-29 19:17:39,901 INFO: Epoch 26 completed in 14.63 seconds
2025-07-29 19:17:52,794 INFO: Epoch 27 completed in 12.32s (avg batch: 1.6996s) - Train Loss: 1.3683, Train Acc: 0.3654, Train Prec (macro): 0.2445, Train Rec (macro): 0.3472, Train F1 (macro): 0.2720
2025-07-29 19:17:52,805 INFO: Current learning rate: 0.0000214
2025-07-29 19:17:54,973 INFO: Validation - Loss: 1.4355, Acc: 0.3636, Prec (macro): 0.2315, Rec (macro): 0.3889, F1 (macro): 0.2481
2025-07-29 19:17:55,063 INFO: Saved checkpoint: posenet_checkpoints_20250729_1909\checkpoint_epoch_27.pth
2025-07-29 19:17:55,063 INFO: No improvement for 2 epoch(s).
2025-07-29 19:17:55,063 INFO: Epoch 27 completed in 15.16 seconds
2025-07-29 19:18:07,907 INFO: Epoch 28 completed in 12.22s (avg batch: 1.7197s) - Train Loss: 1.3441, Train Acc: 0.4423, Train Prec (macro): 0.2593, Train Rec (macro): 0.4056, Train F1 (macro): 0.3005
2025-07-29 19:18:07,920 INFO: Current learning rate: 0.0000105
2025-07-29 19:18:10,355 INFO: Validation - Loss: 1.4112, Acc: 0.2727, Prec (macro): 0.1481, Rec (macro): 0.2778, F1 (macro): 0.1852
2025-07-29 19:18:10,489 INFO: Saved checkpoint: posenet_checkpoints_20250729_1909\checkpoint_epoch_28.pth
2025-07-29 19:18:10,602 INFO: New best model saved at: posenet_checkpoints_20250729_1909\best_checkpoint.pth
2025-07-29 19:18:10,602 INFO: Epoch 28 completed in 15.54 seconds
2025-07-29 19:18:25,467 INFO: Epoch 29 completed in 14.31s (avg batch: 2.0067s) - Train Loss: 1.3160, Train Acc: 0.4231, Train Prec (macro): 0.2389, Train Rec (macro): 0.3722, Train F1 (macro): 0.2734
2025-07-29 19:18:25,475 INFO: Current learning rate: 0.0000034
2025-07-29 19:18:27,634 INFO: Validation - Loss: 1.3878, Acc: 0.2727, Prec (macro): 0.1296, Rec (macro): 0.2778, F1 (macro): 0.1741
2025-07-29 19:18:27,723 INFO: Saved checkpoint: posenet_checkpoints_20250729_1909\checkpoint_epoch_29.pth
2025-07-29 19:18:27,790 INFO: New best model saved at: posenet_checkpoints_20250729_1909\best_checkpoint.pth
2025-07-29 19:18:27,790 INFO: Epoch 29 completed in 17.19 seconds
2025-07-29 19:18:43,234 INFO: Epoch 30 completed in 14.86s (avg batch: 2.0861s) - Train Loss: 1.2972, Train Acc: 0.4038, Train Prec (macro): 0.2143, Train Rec (macro): 0.3500, Train F1 (macro): 0.2490
2025-07-29 19:18:43,246 INFO: Current learning rate: 0.0000010
2025-07-29 19:18:45,551 INFO: Validation - Loss: 1.3851, Acc: 0.2727, Prec (macro): 0.1296, Rec (macro): 0.2778, F1 (macro): 0.1741
2025-07-29 19:18:45,627 INFO: Saved checkpoint: posenet_checkpoints_20250729_1909\checkpoint_epoch_30.pth
2025-07-29 19:18:45,709 INFO: New best model saved at: posenet_checkpoints_20250729_1909\best_checkpoint.pth
2025-07-29 19:18:45,709 INFO: Epoch 30 completed in 17.92 seconds
2025-07-29 19:18:45,710 INFO: Total training time: 9.35 minutes
2025-07-29 19:18:45,850 INFO: Loaded best model from posenet_checkpoints_20250729_1909\best_checkpoint.pth
2025-07-29 19:19:09,706 INFO: Test Accuracy: 0.4167
2025-07-29 19:19:09,706 INFO: Test Precision (macro): 0.2778
2025-07-29 19:19:09,706 INFO: Test Recall (macro): 0.3333
2025-07-29 19:19:09,706 INFO: Test F1 Score (macro): 0.2815
2025-07-29 19:19:09,707 INFO: Test Precision (micro): 0.4167
2025-07-29 19:19:09,707 INFO: Test Recall (micro): 0.4167
2025-07-29 19:19:09,707 INFO: Test F1 Score (micro): 0.4167
2025-07-29 19:19:09,707 INFO: Test Precision (weighted): 0.3750
2025-07-29 19:19:09,707 INFO: Test Recall (weighted): 0.4167
2025-07-29 19:19:09,707 INFO: Test F1 Score (weighted): 0.3667
2025-07-29 19:19:12,259 INFO: Training metrics plots saved to posenet_checkpoints_20250729_1909
2025-07-29 19:19:12,281 INFO: Final model saved as posenet_checkpoints_20250729_1909\posenet_vivit_model_final.pth
2025-07-29 19:19:12,281 INFO: PoseNet ViViT training complete!
