2025-08-08 01:06:54,887 INFO: Kinetics ResNet+LSTM Training started
2025-08-08 01:06:54,916 INFO: Using device: cuda
2025-08-08 01:06:55,013 INFO: GPU 0: NVIDIA RTX A6000
2025-08-08 01:06:55,013 INFO: GPU 0 Memory: 47.5 GB
2025-08-08 01:06:55,013 INFO: GPU 1: NVIDIA RTX A6000
2025-08-08 01:06:55,013 INFO: GPU 1 Memory: 47.5 GB
2025-08-08 01:06:55,023 INFO: CUDA functionality test passed
2025-08-08 01:06:55,026 INFO: Loading video data...
2025-08-08 01:06:55,028 INFO: Found 400 classes: ['abseiling', 'air_drumming', 'answering_questions', 'applauding', 'applying_cream']... (showing first 5)
2025-08-08 01:06:55,057 INFO: Loaded 8788 training videos.
2025-08-08 01:06:55,065 INFO: Loaded 2015 test videos from val directory.
2025-08-08 01:06:55,070 INFO: Final split - Training: 7030, Validation: 1758, Test: 2015
2025-08-08 01:06:55,070 INFO:   abseiling: 46 videos
2025-08-08 01:06:55,070 INFO:   air_drumming: 45 videos
2025-08-08 01:06:55,070 INFO:   answering_questions: 13 videos
2025-08-08 01:06:55,070 INFO:   applauding: 10 videos
2025-08-08 01:06:55,070 INFO:   applying_cream: 13 videos
2025-08-08 01:06:55,070 INFO:   archery: 45 videos
2025-08-08 01:06:55,070 INFO:   arm_wrestling: 43 videos
2025-08-08 01:06:55,070 INFO:   arranging_flowers: 18 videos
2025-08-08 01:06:55,070 INFO:   assembling_computer: 16 videos
2025-08-08 01:06:55,071 INFO:   auctioning: 15 videos
2025-08-08 01:06:55,071 INFO:   baby_waking_up: 20 videos
2025-08-08 01:06:55,071 INFO:   baking_cookies: 32 videos
2025-08-08 01:06:55,071 INFO:   balloon_blowing: 27 videos
2025-08-08 01:06:55,071 INFO:   bandaging: 18 videos
2025-08-08 01:06:55,071 INFO:   barbequing: 41 videos
2025-08-08 01:06:55,071 INFO:   bartending: 19 videos
2025-08-08 01:06:55,071 INFO:   beatboxing: 34 videos
2025-08-08 01:06:55,071 INFO:   bee_keeping: 12 videos
2025-08-08 01:06:55,071 INFO:   belly_dancing: 37 videos
2025-08-08 01:06:55,071 INFO:   bench_pressing: 44 videos
2025-08-08 01:06:55,071 INFO:   bending_back: 21 videos
2025-08-08 01:06:55,071 INFO:   bending_metal: 11 videos
2025-08-08 01:06:55,071 INFO:   biking_through_snow: 42 videos
2025-08-08 01:06:55,071 INFO:   blasting_sand: 27 videos
2025-08-08 01:06:55,071 INFO:   blowing_glass: 43 videos
2025-08-08 01:06:55,071 INFO:   blowing_leaves: 11 videos
2025-08-08 01:06:55,071 INFO:   blowing_nose: 19 videos
2025-08-08 01:06:55,071 INFO:   blowing_out_candles: 47 videos
2025-08-08 01:06:55,071 INFO:   bobsledding: 21 videos
2025-08-08 01:06:55,071 INFO:   bookbinding: 35 videos
2025-08-08 01:06:55,071 INFO:   bouncing_on_trampoline: 23 videos
2025-08-08 01:06:55,071 INFO:   bowling: 42 videos
2025-08-08 01:06:55,071 INFO:   braiding_hair: 23 videos
2025-08-08 01:06:55,071 INFO:   breading_or_breadcrumbing: 13 videos
2025-08-08 01:06:55,071 INFO:   breakdancing: 36 videos
2025-08-08 01:06:55,071 INFO:   brush_painting: 17 videos
2025-08-08 01:06:55,071 INFO:   brushing_hair: 33 videos
2025-08-08 01:06:55,071 INFO:   brushing_teeth: 46 videos
2025-08-08 01:06:55,071 INFO:   building_cabinet: 12 videos
2025-08-08 01:06:55,071 INFO:   building_shed: 13 videos
2025-08-08 01:06:55,071 INFO:   bungee_jumping: 42 videos
2025-08-08 01:06:55,071 INFO:   busking: 33 videos
2025-08-08 01:06:55,071 INFO:   canoeing_or_kayaking: 47 videos
2025-08-08 01:06:55,071 INFO:   capoeira: 44 videos
2025-08-08 01:06:55,071 INFO:   carrying_baby: 19 videos
2025-08-08 01:06:55,071 INFO:   cartwheeling: 20 videos
2025-08-08 01:06:55,071 INFO:   carving_pumpkin: 22 videos
2025-08-08 01:06:55,071 INFO:   catching_fish: 22 videos
2025-08-08 01:06:55,071 INFO:   catching_or_throwing_baseball: 27 videos
2025-08-08 01:06:55,071 INFO:   catching_or_throwing_frisbee: 40 videos
2025-08-08 01:06:55,071 INFO:   catching_or_throwing_softball: 31 videos
2025-08-08 01:06:55,071 INFO:   celebrating: 25 videos
2025-08-08 01:06:55,071 INFO:   changing_oil: 24 videos
2025-08-08 01:06:55,071 INFO:   changing_wheel: 14 videos
2025-08-08 01:06:55,071 INFO:   checking_tires: 17 videos
2025-08-08 01:06:55,071 INFO:   cheerleading: 46 videos
2025-08-08 01:06:55,071 INFO:   chopping_wood: 35 videos
2025-08-08 01:06:55,071 INFO:   clapping: 15 videos
2025-08-08 01:06:55,071 INFO:   clay_pottery_making: 10 videos
2025-08-08 01:06:55,071 INFO:   clean_and_jerk: 35 videos
2025-08-08 01:06:55,071 INFO:   cleaning_floor: 32 videos
2025-08-08 01:06:55,071 INFO:   cleaning_gutters: 20 videos
2025-08-08 01:06:55,071 INFO:   cleaning_pool: 13 videos
2025-08-08 01:06:55,071 INFO:   cleaning_shoes: 22 videos
2025-08-08 01:06:55,071 INFO:   cleaning_toilet: 17 videos
2025-08-08 01:06:55,071 INFO:   cleaning_windows: 24 videos
2025-08-08 01:06:55,071 INFO:   climbing_a_rope: 12 videos
2025-08-08 01:06:55,071 INFO:   climbing_ladder: 24 videos
2025-08-08 01:06:55,071 INFO:   climbing_tree: 42 videos
2025-08-08 01:06:55,071 INFO:   contact_juggling: 45 videos
2025-08-08 01:06:55,071 INFO:   cooking_chicken: 37 videos
2025-08-08 01:06:55,071 INFO:   cooking_egg: 20 videos
2025-08-08 01:06:55,071 INFO:   cooking_on_campfire: 11 videos
2025-08-08 01:06:55,071 INFO:   cooking_sausages: 13 videos
2025-08-08 01:06:55,071 INFO:   counting_money: 21 videos
2025-08-08 01:06:55,071 INFO:   country_line_dancing: 41 videos
2025-08-08 01:06:55,071 INFO:   cracking_neck: 11 videos
2025-08-08 01:06:55,071 INFO:   crawling_baby: 46 videos
2025-08-08 01:06:55,071 INFO:   crossing_river: 37 videos
2025-08-08 01:06:55,071 INFO:   crying: 37 videos
2025-08-08 01:06:55,071 INFO:   curling_hair: 29 videos
2025-08-08 01:06:55,071 INFO:   cutting_nails: 17 videos
2025-08-08 01:06:55,071 INFO:   cutting_pineapple: 24 videos
2025-08-08 01:06:55,071 INFO:   cutting_watermelon: 25 videos
2025-08-08 01:06:55,071 INFO:   dancing_ballet: 46 videos
2025-08-08 01:06:55,071 INFO:   dancing_charleston: 25 videos
2025-08-08 01:06:55,071 INFO:   dancing_gangnam_style: 30 videos
2025-08-08 01:06:55,071 INFO:   dancing_macarena: 36 videos
2025-08-08 01:06:55,071 INFO:   deadlifting: 29 videos
2025-08-08 01:06:55,071 INFO:   decorating_the_christmas_tree: 19 videos
2025-08-08 01:06:55,071 INFO:   digging: 11 videos
2025-08-08 01:06:55,071 INFO:   dining: 24 videos
2025-08-08 01:06:55,071 INFO:   disc_golfing: 19 videos
2025-08-08 01:06:55,071 INFO:   diving_cliff: 42 videos
2025-08-08 01:06:55,071 INFO:   dodgeball: 21 videos
2025-08-08 01:06:55,071 INFO:   doing_aerobics: 13 videos
2025-08-08 01:06:55,071 INFO:   doing_laundry: 13 videos
2025-08-08 01:06:55,072 INFO:   doing_nails: 33 videos
2025-08-08 01:06:55,072 INFO:   drawing: 11 videos
2025-08-08 01:06:55,072 INFO:   dribbling_basketball: 34 videos
2025-08-08 01:06:55,072 INFO:   drinking: 20 videos
2025-08-08 01:06:55,072 INFO:   drinking_beer: 18 videos
2025-08-08 01:06:55,072 INFO:   drinking_shots: 11 videos
2025-08-08 01:06:55,072 INFO:   driving_car: 38 videos
2025-08-08 01:06:55,072 INFO:   driving_tractor: 34 videos
2025-08-08 01:06:55,072 INFO:   drop_kicking: 26 videos
2025-08-08 01:06:55,072 INFO:   drumming_fingers: 11 videos
2025-08-08 01:06:55,072 INFO:   dunking_basketball: 42 videos
2025-08-08 01:06:55,072 INFO:   dying_hair: 38 videos
2025-08-08 01:06:55,072 INFO:   eating_burger: 30 videos
2025-08-08 01:06:55,072 INFO:   eating_cake: 15 videos
2025-08-08 01:06:55,072 INFO:   eating_carrots: 16 videos
2025-08-08 01:06:55,072 INFO:   eating_chips: 25 videos
2025-08-08 01:06:55,072 INFO:   eating_doughnuts: 16 videos
2025-08-08 01:06:55,072 INFO:   eating_hotdog: 18 videos
2025-08-08 01:06:55,072 INFO:   eating_ice_cream: 35 videos
2025-08-08 01:06:55,072 INFO:   eating_spaghetti: 46 videos
2025-08-08 01:06:55,072 INFO:   eating_watermelon: 17 videos
2025-08-08 01:06:55,072 INFO:   egg_hunting: 16 videos
2025-08-08 01:06:55,072 INFO:   exercising_arm: 11 videos
2025-08-08 01:06:55,072 INFO:   exercising_with_an_exercise_ball: 12 videos
2025-08-08 01:06:55,072 INFO:   extinguishing_fire: 19 videos
2025-08-08 01:06:55,072 INFO:   faceplanting: 12 videos
2025-08-08 01:06:55,072 INFO:   feeding_birds: 45 videos
2025-08-08 01:06:55,072 INFO:   feeding_fish: 37 videos
2025-08-08 01:06:55,072 INFO:   feeding_goats: 40 videos
2025-08-08 01:06:55,072 INFO:   filling_eyebrows: 36 videos
2025-08-08 01:06:55,072 INFO:   finger_snapping: 32 videos
2025-08-08 01:06:55,072 INFO:   fixing_hair: 21 videos
2025-08-08 01:06:55,072 INFO:   flipping_pancake: 25 videos
2025-08-08 01:06:55,072 INFO:   flying_kite: 42 videos
2025-08-08 01:06:55,072 INFO:   folding_clothes: 22 videos
2025-08-08 01:06:55,072 INFO:   folding_napkins: 31 videos
2025-08-08 01:06:55,072 INFO:   folding_paper: 30 videos
2025-08-08 01:06:55,072 INFO:   front_raises: 36 videos
2025-08-08 01:06:55,072 INFO:   frying_vegetables: 18 videos
2025-08-08 01:06:55,072 INFO:   garbage_collecting: 13 videos
2025-08-08 01:06:55,072 INFO:   gargling: 11 videos
2025-08-08 01:06:55,072 INFO:   getting_a_haircut: 23 videos
2025-08-08 01:06:55,072 INFO:   getting_a_tattoo: 26 videos
2025-08-08 01:06:55,072 INFO:   giving_or_receiving_award: 36 videos
2025-08-08 01:06:55,072 INFO:   golf_chipping: 24 videos
2025-08-08 01:06:55,072 INFO:   golf_driving: 32 videos
2025-08-08 01:06:55,072 INFO:   golf_putting: 43 videos
2025-08-08 01:06:55,072 INFO:   grinding_meat: 11 videos
2025-08-08 01:06:55,072 INFO:   grooming_dog: 20 videos
2025-08-08 01:06:55,072 INFO:   grooming_horse: 21 videos
2025-08-08 01:06:55,072 INFO:   gymnastics_tumbling: 44 videos
2025-08-08 01:06:55,072 INFO:   hammer_throw: 46 videos
2025-08-08 01:06:55,072 INFO:   headbanging: 43 videos
2025-08-08 01:06:55,072 INFO:   headbutting: 22 videos
2025-08-08 01:06:55,072 INFO:   high_jump: 37 videos
2025-08-08 01:06:55,072 INFO:   high_kick: 30 videos
2025-08-08 01:06:55,072 INFO:   hitting_baseball: 42 videos
2025-08-08 01:06:55,072 INFO:   hockey_stop: 14 videos
2025-08-08 01:06:55,072 INFO:   holding_snake: 11 videos
2025-08-08 01:06:55,072 INFO:   hopscotch: 26 videos
2025-08-08 01:06:55,072 INFO:   hoverboarding: 13 videos
2025-08-08 01:06:55,072 INFO:   hugging: 16 videos
2025-08-08 01:06:55,072 INFO:   hula_hooping: 45 videos
2025-08-08 01:06:55,072 INFO:   hurdling: 22 videos
2025-08-08 01:06:55,072 INFO:   hurling__sport_: 32 videos
2025-08-08 01:06:55,072 INFO:   ice_climbing: 32 videos
2025-08-08 01:06:55,072 INFO:   ice_fishing: 19 videos
2025-08-08 01:06:55,072 INFO:   ice_skating: 44 videos
2025-08-08 01:06:55,072 INFO:   ironing: 16 videos
2025-08-08 01:06:55,072 INFO:   javelin_throw: 35 videos
2025-08-08 01:06:55,072 INFO:   jetskiing: 46 videos
2025-08-08 01:06:55,072 INFO:   jogging: 11 videos
2025-08-08 01:06:55,072 INFO:   juggling_balls: 35 videos
2025-08-08 01:06:55,072 INFO:   juggling_fire: 24 videos
2025-08-08 01:06:55,072 INFO:   juggling_soccer_ball: 14 videos
2025-08-08 01:06:55,072 INFO:   jumping_into_pool: 44 videos
2025-08-08 01:06:55,072 INFO:   jumpstyle_dancing: 23 videos
2025-08-08 01:06:55,072 INFO:   kicking_field_goal: 31 videos
2025-08-08 01:06:55,072 INFO:   kicking_soccer_ball: 17 videos
2025-08-08 01:06:55,072 INFO:   kissing: 16 videos
2025-08-08 01:06:55,072 INFO:   kitesurfing: 30 videos
2025-08-08 01:06:55,072 INFO:   knitting: 24 videos
2025-08-08 01:06:55,072 INFO:   krumping: 23 videos
2025-08-08 01:06:55,072 INFO:   laughing: 32 videos
2025-08-08 01:06:55,072 INFO:   laying_bricks: 12 videos
2025-08-08 01:06:55,072 INFO:   long_jump: 32 videos
2025-08-08 01:06:55,072 INFO:   lunge: 27 videos
2025-08-08 01:06:55,072 INFO:   making_a_cake: 12 videos
2025-08-08 01:06:55,072 INFO:   making_a_sandwich: 12 videos
2025-08-08 01:06:55,072 INFO:   making_bed: 23 videos
2025-08-08 01:06:55,073 INFO:   making_jewelry: 22 videos
2025-08-08 01:06:55,073 INFO:   making_pizza: 44 videos
2025-08-08 01:06:55,073 INFO:   making_snowman: 27 videos
2025-08-08 01:06:55,073 INFO:   making_sushi: 12 videos
2025-08-08 01:06:55,073 INFO:   making_tea: 11 videos
2025-08-08 01:06:55,073 INFO:   marching: 46 videos
2025-08-08 01:06:55,073 INFO:   massaging_back: 31 videos
2025-08-08 01:06:55,073 INFO:   massaging_feet: 11 videos
2025-08-08 01:06:55,073 INFO:   massaging_legs: 12 videos
2025-08-08 01:06:55,073 INFO:   massaging_person's_head: 20 videos
2025-08-08 01:06:55,073 INFO:   milking_cow: 37 videos
2025-08-08 01:06:55,073 INFO:   mopping_floor: 20 videos
2025-08-08 01:06:55,073 INFO:   motorcycling: 41 videos
2025-08-08 01:06:55,073 INFO:   moving_furniture: 12 videos
2025-08-08 01:06:55,073 INFO:   mowing_lawn: 45 videos
2025-08-08 01:06:55,073 INFO:   news_anchoring: 11 videos
2025-08-08 01:06:55,073 INFO:   opening_bottle: 25 videos
2025-08-08 01:06:55,073 INFO:   opening_present: 32 videos
2025-08-08 01:06:55,073 INFO:   paragliding: 30 videos
2025-08-08 01:06:55,073 INFO:   parasailing: 28 videos
2025-08-08 01:06:55,073 INFO:   parkour: 15 videos
2025-08-08 01:06:55,073 INFO:   passing_American_football__in_game_: 35 videos
2025-08-08 01:06:55,073 INFO:   passing_American_football__not_in_game_: 39 videos
2025-08-08 01:06:55,073 INFO:   peeling_apples: 19 videos
2025-08-08 01:06:55,073 INFO:   peeling_potatoes: 12 videos
2025-08-08 01:06:55,073 INFO:   petting_animal__not_cat_: 28 videos
2025-08-08 01:06:55,073 INFO:   petting_cat: 25 videos
2025-08-08 01:06:55,073 INFO:   picking_fruit: 29 videos
2025-08-08 01:06:55,073 INFO:   planting_trees: 18 videos
2025-08-08 01:06:55,073 INFO:   plastering: 12 videos
2025-08-08 01:06:55,073 INFO:   playing_accordion: 34 videos
2025-08-08 01:06:55,073 INFO:   playing_badminton: 35 videos
2025-08-08 01:06:55,073 INFO:   playing_bagpipes: 31 videos
2025-08-08 01:06:55,073 INFO:   playing_basketball: 43 videos
2025-08-08 01:06:55,073 INFO:   playing_bass_guitar: 43 videos
2025-08-08 01:06:55,073 INFO:   playing_cards: 26 videos
2025-08-08 01:06:55,073 INFO:   playing_cello: 42 videos
2025-08-08 01:06:55,073 INFO:   playing_chess: 29 videos
2025-08-08 01:06:55,073 INFO:   playing_clarinet: 40 videos
2025-08-08 01:06:55,073 INFO:   playing_controller: 17 videos
2025-08-08 01:06:55,073 INFO:   playing_cricket: 30 videos
2025-08-08 01:06:55,073 INFO:   playing_cymbals: 23 videos
2025-08-08 01:06:55,073 INFO:   playing_didgeridoo: 30 videos
2025-08-08 01:06:55,073 INFO:   playing_drums: 34 videos
2025-08-08 01:06:55,073 INFO:   playing_flute: 14 videos
2025-08-08 01:06:55,073 INFO:   playing_guitar: 43 videos
2025-08-08 01:06:55,073 INFO:   playing_harmonica: 39 videos
2025-08-08 01:06:55,073 INFO:   playing_harp: 46 videos
2025-08-08 01:06:55,073 INFO:   playing_ice_hockey: 33 videos
2025-08-08 01:06:55,073 INFO:   playing_keyboard: 25 videos
2025-08-08 01:06:55,073 INFO:   playing_kickball: 15 videos
2025-08-08 01:06:55,073 INFO:   playing_monopoly: 23 videos
2025-08-08 01:06:55,073 INFO:   playing_organ: 23 videos
2025-08-08 01:06:55,073 INFO:   playing_paintball: 46 videos
2025-08-08 01:06:55,073 INFO:   playing_piano: 23 videos
2025-08-08 01:06:55,073 INFO:   playing_poker: 33 videos
2025-08-08 01:06:55,073 INFO:   playing_recorder: 42 videos
2025-08-08 01:06:55,073 INFO:   playing_saxophone: 33 videos
2025-08-08 01:06:55,073 INFO:   playing_squash_or_racquetball: 37 videos
2025-08-08 01:06:55,073 INFO:   playing_tennis: 44 videos
2025-08-08 01:06:55,073 INFO:   playing_trombone: 44 videos
2025-08-08 01:06:55,073 INFO:   playing_trumpet: 38 videos
2025-08-08 01:06:55,073 INFO:   playing_ukulele: 45 videos
2025-08-08 01:06:55,073 INFO:   playing_violin: 44 videos
2025-08-08 01:06:55,073 INFO:   playing_volleyball: 27 videos
2025-08-08 01:06:55,073 INFO:   playing_xylophone: 27 videos
2025-08-08 01:06:55,073 INFO:   pole_vault: 38 videos
2025-08-08 01:06:55,073 INFO:   presenting_weather_forecast: 43 videos
2025-08-08 01:06:55,073 INFO:   pull_ups: 42 videos
2025-08-08 01:06:55,073 INFO:   pumping_fist: 40 videos
2025-08-08 01:06:55,073 INFO:   pumping_gas: 16 videos
2025-08-08 01:06:55,073 INFO:   punching_bag: 43 videos
2025-08-08 01:06:55,073 INFO:   punching_person__boxing_: 14 videos
2025-08-08 01:06:55,073 INFO:   push_up: 20 videos
2025-08-08 01:06:55,073 INFO:   pushing_car: 42 videos
2025-08-08 01:06:55,073 INFO:   pushing_cart: 47 videos
2025-08-08 01:06:55,073 INFO:   pushing_wheelchair: 14 videos
2025-08-08 01:06:55,073 INFO:   reading_book: 45 videos
2025-08-08 01:06:55,073 INFO:   reading_newspaper: 11 videos
2025-08-08 01:06:55,073 INFO:   recording_music: 11 videos
2025-08-08 01:06:55,073 INFO:   riding_a_bike: 14 videos
2025-08-08 01:06:55,073 INFO:   riding_camel: 26 videos
2025-08-08 01:06:55,073 INFO:   riding_elephant: 44 videos
2025-08-08 01:06:55,073 INFO:   riding_mechanical_bull: 25 videos
2025-08-08 01:06:55,073 INFO:   riding_mountain_bike: 15 videos
2025-08-08 01:06:55,073 INFO:   riding_mule: 15 videos
2025-08-08 01:06:55,073 INFO:   riding_or_walking_with_horse: 45 videos
2025-08-08 01:06:55,073 INFO:   riding_scooter: 22 videos
2025-08-08 01:06:55,073 INFO:   riding_unicycle: 31 videos
2025-08-08 01:06:55,074 INFO:   ripping_paper: 19 videos
2025-08-08 01:06:55,074 INFO:   robot_dancing: 32 videos
2025-08-08 01:06:55,074 INFO:   rock_climbing: 45 videos
2025-08-08 01:06:55,074 INFO:   rock_scissors_paper: 11 videos
2025-08-08 01:06:55,074 INFO:   roller_skating: 36 videos
2025-08-08 01:06:55,074 INFO:   running_on_treadmill: 11 videos
2025-08-08 01:06:55,074 INFO:   sailing: 33 videos
2025-08-08 01:06:55,074 INFO:   salsa_dancing: 46 videos
2025-08-08 01:06:55,074 INFO:   sanding_floor: 19 videos
2025-08-08 01:06:55,074 INFO:   scrambling_eggs: 28 videos
2025-08-08 01:06:55,074 INFO:   scuba_diving: 37 videos
2025-08-08 01:06:55,074 INFO:   setting_table: 14 videos
2025-08-08 01:06:55,074 INFO:   shaking_hands: 22 videos
2025-08-08 01:06:55,074 INFO:   shaking_head: 34 videos
2025-08-08 01:06:55,074 INFO:   sharpening_knives: 12 videos
2025-08-08 01:06:55,074 INFO:   sharpening_pencil: 25 videos
2025-08-08 01:06:55,074 INFO:   shaving_head: 34 videos
2025-08-08 01:06:55,074 INFO:   shaving_legs: 15 videos
2025-08-08 01:06:55,074 INFO:   shearing_sheep: 39 videos
2025-08-08 01:06:55,074 INFO:   shining_shoes: 20 videos
2025-08-08 01:06:55,074 INFO:   shooting_basketball: 19 videos
2025-08-08 01:06:55,074 INFO:   shooting_goal__soccer_: 9 videos
2025-08-08 01:06:55,074 INFO:   shot_put: 39 videos
2025-08-08 01:06:55,074 INFO:   shoveling_snow: 33 videos
2025-08-08 01:06:55,074 INFO:   shredding_paper: 11 videos
2025-08-08 01:06:55,074 INFO:   shuffling_cards: 28 videos
2025-08-08 01:06:55,074 INFO:   side_kick: 37 videos
2025-08-08 01:06:55,074 INFO:   sign_language_interpreting: 12 videos
2025-08-08 01:06:55,074 INFO:   singing: 46 videos
2025-08-08 01:06:55,074 INFO:   situp: 30 videos
2025-08-08 01:06:55,074 INFO:   skateboarding: 44 videos
2025-08-08 01:06:55,074 INFO:   ski_jumping: 41 videos
2025-08-08 01:06:55,074 INFO:   skiing__not_slalom_or_crosscountry_: 45 videos
2025-08-08 01:06:55,074 INFO:   skiing_crosscountry: 15 videos
2025-08-08 01:06:55,074 INFO:   skiing_slalom: 18 videos
2025-08-08 01:06:55,074 INFO:   skipping_rope: 15 videos
2025-08-08 01:06:55,074 INFO:   skydiving: 15 videos
2025-08-08 01:06:55,074 INFO:   slacklining: 29 videos
2025-08-08 01:06:55,074 INFO:   slapping: 13 videos
2025-08-08 01:06:55,074 INFO:   sled_dog_racing: 30 videos
2025-08-08 01:06:55,074 INFO:   smoking: 35 videos
2025-08-08 01:06:55,074 INFO:   smoking_hookah: 28 videos
2025-08-08 01:06:55,074 INFO:   snatch_weight_lifting: 37 videos
2025-08-08 01:06:55,074 INFO:   sneezing: 15 videos
2025-08-08 01:06:55,074 INFO:   sniffing: 10 videos
2025-08-08 01:06:55,074 INFO:   snorkeling: 39 videos
2025-08-08 01:06:55,074 INFO:   snowboarding: 35 videos
2025-08-08 01:06:55,074 INFO:   snowkiting: 47 videos
2025-08-08 01:06:55,074 INFO:   snowmobiling: 21 videos
2025-08-08 01:06:55,074 INFO:   somersaulting: 38 videos
2025-08-08 01:06:55,074 INFO:   spinning_poi: 45 videos
2025-08-08 01:06:55,074 INFO:   spray_painting: 33 videos
2025-08-08 01:06:55,074 INFO:   spraying: 15 videos
2025-08-08 01:06:55,074 INFO:   springboard_diving: 11 videos
2025-08-08 01:06:55,074 INFO:   squat: 45 videos
2025-08-08 01:06:55,074 INFO:   sticking_tongue_out: 27 videos
2025-08-08 01:06:55,074 INFO:   stomping_grapes: 13 videos
2025-08-08 01:06:55,074 INFO:   stretching_arm: 24 videos
2025-08-08 01:06:55,074 INFO:   stretching_leg: 29 videos
2025-08-08 01:06:55,074 INFO:   strumming_guitar: 13 videos
2025-08-08 01:06:55,074 INFO:   surfing_crowd: 34 videos
2025-08-08 01:06:55,074 INFO:   surfing_water: 28 videos
2025-08-08 01:06:55,074 INFO:   sweeping_floor: 20 videos
2025-08-08 01:06:55,074 INFO:   swimming_backstroke: 43 videos
2025-08-08 01:06:55,074 INFO:   swimming_breast_stroke: 32 videos
2025-08-08 01:06:55,074 INFO:   swimming_butterfly_stroke: 24 videos
2025-08-08 01:06:55,074 INFO:   swing_dancing: 17 videos
2025-08-08 01:06:55,074 INFO:   swinging_legs: 11 videos
2025-08-08 01:06:55,074 INFO:   swinging_on_something: 15 videos
2025-08-08 01:06:55,074 INFO:   sword_fighting: 13 videos
2025-08-08 01:06:55,074 INFO:   tai_chi: 42 videos
2025-08-08 01:06:55,074 INFO:   taking_a_shower: 9 videos
2025-08-08 01:06:55,074 INFO:   tango_dancing: 46 videos
2025-08-08 01:06:55,074 INFO:   tap_dancing: 36 videos
2025-08-08 01:06:55,074 INFO:   tapping_guitar: 30 videos
2025-08-08 01:06:55,074 INFO:   tapping_pen: 24 videos
2025-08-08 01:06:55,074 INFO:   tasting_beer: 19 videos
2025-08-08 01:06:55,074 INFO:   tasting_food: 17 videos
2025-08-08 01:06:55,074 INFO:   testifying: 15 videos
2025-08-08 01:06:55,074 INFO:   texting: 24 videos
2025-08-08 01:06:55,074 INFO:   throwing_axe: 30 videos
2025-08-08 01:06:55,074 INFO:   throwing_ball: 22 videos
2025-08-08 01:06:55,074 INFO:   throwing_discus: 44 videos
2025-08-08 01:06:55,074 INFO:   tickling: 17 videos
2025-08-08 01:06:55,074 INFO:   tobogganing: 47 videos
2025-08-08 01:06:55,074 INFO:   tossing_coin: 14 videos
2025-08-08 01:06:55,074 INFO:   tossing_salad: 14 videos
2025-08-08 01:06:55,074 INFO:   training_dog: 15 videos
2025-08-08 01:06:55,074 INFO:   trapezing: 29 videos
2025-08-08 01:06:55,074 INFO:   trimming_or_shaving_beard: 36 videos
2025-08-08 01:06:55,075 INFO:   trimming_trees: 23 videos
2025-08-08 01:06:55,075 INFO:   triple_jump: 30 videos
2025-08-08 01:06:55,075 INFO:   tying_bow_tie: 10 videos
2025-08-08 01:06:55,075 INFO:   tying_knot__not_on_a_tie_: 30 videos
2025-08-08 01:06:55,075 INFO:   tying_tie: 23 videos
2025-08-08 01:06:55,075 INFO:   unboxing: 28 videos
2025-08-08 01:06:55,075 INFO:   unloading_truck: 11 videos
2025-08-08 01:06:55,075 INFO:   using_computer: 33 videos
2025-08-08 01:06:55,075 INFO:   using_remote_controller__not_gaming_: 18 videos
2025-08-08 01:06:55,075 INFO:   using_segway: 11 videos
2025-08-08 01:06:55,075 INFO:   vault: 19 videos
2025-08-08 01:06:55,075 INFO:   waiting_in_line: 13 videos
2025-08-08 01:06:55,075 INFO:   walking_the_dog: 43 videos
2025-08-08 01:06:55,075 INFO:   washing_dishes: 40 videos
2025-08-08 01:06:55,075 INFO:   washing_feet: 32 videos
2025-08-08 01:06:55,075 INFO:   washing_hair: 11 videos
2025-08-08 01:06:55,075 INFO:   washing_hands: 34 videos
2025-08-08 01:06:55,075 INFO:   water_skiing: 29 videos
2025-08-08 01:06:55,075 INFO:   water_sliding: 11 videos
2025-08-08 01:06:55,075 INFO:   watering_plants: 24 videos
2025-08-08 01:06:55,075 INFO:   waxing_back: 17 videos
2025-08-08 01:06:55,075 INFO:   waxing_chest: 28 videos
2025-08-08 01:06:55,075 INFO:   waxing_eyebrows: 23 videos
2025-08-08 01:06:55,075 INFO:   waxing_legs: 34 videos
2025-08-08 01:06:55,075 INFO:   weaving_basket: 28 videos
2025-08-08 01:06:55,075 INFO:   welding: 28 videos
2025-08-08 01:06:55,075 INFO:   whistling: 11 videos
2025-08-08 01:06:55,075 INFO:   windsurfing: 45 videos
2025-08-08 01:06:55,075 INFO:   wrapping_present: 29 videos
2025-08-08 01:06:55,075 INFO:   wrestling: 15 videos
2025-08-08 01:06:55,075 INFO:   writing: 25 videos
2025-08-08 01:06:55,075 INFO:   yawning: 10 videos
2025-08-08 01:06:55,075 INFO:   yoga: 38 videos
2025-08-08 01:06:55,075 INFO:   zumba: 43 videos
2025-08-08 01:06:55,075 INFO: Number of classes: 400
2025-08-08 01:06:55,076 INFO: Training samples: 7030
2025-08-08 01:06:55,076 INFO: Validation samples: 1758
2025-08-08 01:06:55,076 INFO: Test samples: 2015
2025-08-08 01:06:57,797 INFO: Using 2 GPUs!
2025-08-08 01:06:57,798 INFO: Starting training...
2025-08-08 01:06:57,798 INFO: Early stopping enabled - patience: 15, min_delta: 0.001
2025-08-08 01:07:09,777 INFO: Input batch shape: torch.Size([40, 13, 3, 224, 224]), Labels shape: torch.Size([40])
2025-08-08 01:07:09,777 INFO: Input dtype: torch.float32, Labels dtype: torch.int64
2025-08-08 01:09:01,458 INFO: \n==================================================
2025-08-08 01:09:01,458 INFO: Training interrupted! Saving current progress...
2025-08-08 01:09:01,459 INFO: All results saved to: ./ResNetLSTM_Kinetics_ckpt/
2025-08-08 01:09:01,459 INFO: Training gracefully terminated!
2025-08-08 01:14:59,891 INFO: \n==================================================
2025-08-08 01:14:59,891 INFO: Training interrupted! Saving current progress...
2025-08-08 01:14:59,892 INFO: All results saved to: ./ResNetLSTM_Kinetics_ckpt/
2025-08-08 01:14:59,892 INFO: Training gracefully terminated!
